  [1m[35m (0.6ms)[0m  [1m[35mSET NAMES utf8,  @@SESSION.sql_mode = CONCAT(CONCAT(@@sql_mode, ',STRICT_ALL_TABLES'), ',NO_AUTO_VALUE_ON_ZERO'),  @@SESSION.sql_auto_is_null = 0, @@SESSION.wait_timeout = 2147483[0m
  ↳ bin/rails:9
  [1m[35m (0.3ms)[0m  [1m[34mSELECT GET_LOCK('8490188920337049135', 0)[0m
  ↳ bin/rails:9
  [1m[35m (0.4ms)[0m  [1m[34mSELECT `schema_migrations`.`version` FROM `schema_migrations` ORDER BY `schema_migrations`.`version` ASC[0m
  ↳ bin/rails:9
Migrating to DeviseInvitableAddToUsers (20181005182556)
  [1m[35m (157.0ms)[0m  [1m[35mALTER TABLE `users` ADD `invitation_token` varchar(255)[0m
  ↳ db/migrate/20181005182556_devise_invitable_add_to_users.rb:4
  [1m[35m (42.7ms)[0m  [1m[35mALTER TABLE `users` ADD `invitation_created_at` datetime[0m
  ↳ db/migrate/20181005182556_devise_invitable_add_to_users.rb:5
  [1m[35m (39.9ms)[0m  [1m[35mALTER TABLE `users` ADD `invitation_sent_at` datetime[0m
  ↳ db/migrate/20181005182556_devise_invitable_add_to_users.rb:6
  [1m[35m (37.9ms)[0m  [1m[35mALTER TABLE `users` ADD `invitation_accepted_at` datetime[0m
  ↳ db/migrate/20181005182556_devise_invitable_add_to_users.rb:7
  [1m[35m (44.6ms)[0m  [1m[35mALTER TABLE `users` ADD `invitation_limit` int[0m
  ↳ db/migrate/20181005182556_devise_invitable_add_to_users.rb:8
  [1m[35m (42.9ms)[0m  [1m[35mALTER TABLE `users` ADD `invited_by_type` varchar(255)[0m
  ↳ db/migrate/20181005182556_devise_invitable_add_to_users.rb:9
  [1m[35m (87.2ms)[0m  [1m[35mALTER TABLE `users` ADD `invited_by_id` bigint[0m
  ↳ db/migrate/20181005182556_devise_invitable_add_to_users.rb:9
  [1m[35m (84.1ms)[0m  [1m[35mCREATE  INDEX `index_users_on_invited_by_type_and_invited_by_id`  ON `users` (`invited_by_type`, `invited_by_id`) [0m
  ↳ db/migrate/20181005182556_devise_invitable_add_to_users.rb:9
  [1m[35m (41.1ms)[0m  [1m[35mALTER TABLE `users` ADD `invitations_count` int DEFAULT 0[0m
  ↳ db/migrate/20181005182556_devise_invitable_add_to_users.rb:10
  [1m[35m (73.3ms)[0m  [1m[35mCREATE  INDEX `index_users_on_invitations_count`  ON `users` (`invitations_count`) [0m
  ↳ db/migrate/20181005182556_devise_invitable_add_to_users.rb:11
  [1m[35m (71.1ms)[0m  [1m[35mCREATE UNIQUE INDEX `index_users_on_invitation_token`  ON `users` (`invitation_token`) [0m
  ↳ db/migrate/20181005182556_devise_invitable_add_to_users.rb:12
  [1m[35m (53.5ms)[0m  [1m[35mCREATE  INDEX `index_users_on_invited_by_id`  ON `users` (`invited_by_id`) [0m
  ↳ db/migrate/20181005182556_devise_invitable_add_to_users.rb:13
  [1m[35m (0.1ms)[0m  [1m[35mBEGIN[0m
  ↳ bin/rails:9
  [1m[36mActiveRecord::SchemaMigration Create (0.8ms)[0m  [1m[32mINSERT INTO `schema_migrations` (`version`) VALUES ('20181005182556')[0m
  ↳ bin/rails:9
  [1m[35m (8.4ms)[0m  [1m[35mCOMMIT[0m
  ↳ bin/rails:9
  [1m[36mActiveRecord::InternalMetadata Load (1.0ms)[0m  [1m[34mSELECT  `ar_internal_metadata`.* FROM `ar_internal_metadata` WHERE `ar_internal_metadata`.`key` = 'environment' LIMIT 1[0m
  ↳ bin/rails:9
  [1m[35m (0.1ms)[0m  [1m[35mBEGIN[0m
  ↳ bin/rails:9
  [1m[35m (0.1ms)[0m  [1m[35mCOMMIT[0m
  ↳ bin/rails:9
  [1m[35m (0.1ms)[0m  [1m[34mSELECT RELEASE_LOCK('8490188920337049135')[0m
  ↳ bin/rails:9
  [1m[35m (0.2ms)[0m  [1m[34mSELECT `schema_migrations`.`version` FROM `schema_migrations` ORDER BY `schema_migrations`.`version` ASC[0m
  ↳ bin/rails:9
Started GET "/admin" for 127.0.0.1 at 2018-10-05 14:39:08 -0400
  [1m[35m (0.4ms)[0m  [1m[35mSET NAMES utf8,  @@SESSION.sql_mode = CONCAT(CONCAT(@@sql_mode, ',STRICT_ALL_TABLES'), ',NO_AUTO_VALUE_ON_ZERO'),  @@SESSION.sql_auto_is_null = 0, @@SESSION.wait_timeout = 2147483[0m
  ↳ /home/matlo/.rbenv/versions/2.5.1/lib/ruby/gems/2.5.0/gems/activerecord-5.2.1/lib/active_record/log_subscriber.rb:98
  [1m[35m (0.5ms)[0m  [1m[34mSELECT `schema_migrations`.`version` FROM `schema_migrations` ORDER BY `schema_migrations`.`version` ASC[0m
  ↳ /home/matlo/.rbenv/versions/2.5.1/lib/ruby/gems/2.5.0/gems/activerecord-5.2.1/lib/active_record/log_subscriber.rb:98
Processing by RailsAdmin::MainController#dashboard as HTML
Completed 401 Unauthorized in 6ms (ActiveRecord: 0.0ms)


Started GET "/users/sign_in" for 127.0.0.1 at 2018-10-05 14:39:08 -0400
Processing by Devise::SessionsController#new as HTML
  Rendering /home/matlo/.rbenv/versions/2.5.1/lib/ruby/gems/2.5.0/gems/devise-4.5.0/app/views/devise/sessions/new.html.erb within layouts/application
  Rendered /home/matlo/.rbenv/versions/2.5.1/lib/ruby/gems/2.5.0/gems/devise-4.5.0/app/views/devise/shared/_links.html.erb (0.7ms)
  Rendered /home/matlo/.rbenv/versions/2.5.1/lib/ruby/gems/2.5.0/gems/devise-4.5.0/app/views/devise/sessions/new.html.erb within layouts/application (9.0ms)
Started GET "/users/sign_in" for 127.0.0.1 at 2018-10-05 14:39:13 -0400
  [1m[35m (0.8ms)[0m  [1m[35mSET NAMES utf8,  @@SESSION.sql_mode = CONCAT(CONCAT(@@sql_mode, ',STRICT_ALL_TABLES'), ',NO_AUTO_VALUE_ON_ZERO'),  @@SESSION.sql_auto_is_null = 0, @@SESSION.wait_timeout = 2147483[0m
  ↳ /home/matlo/.rbenv/versions/2.5.1/lib/ruby/gems/2.5.0/gems/activerecord-5.2.1/lib/active_record/log_subscriber.rb:98
Processing by Devise::SessionsController#new as HTML
  Rendering /home/matlo/.rbenv/versions/2.5.1/lib/ruby/gems/2.5.0/gems/devise-4.5.0/app/views/devise/sessions/new.html.erb within layouts/application
  Rendered /home/matlo/.rbenv/versions/2.5.1/lib/ruby/gems/2.5.0/gems/devise-4.5.0/app/views/devise/shared/_links.html.erb (1.2ms)
  Rendered /home/matlo/.rbenv/versions/2.5.1/lib/ruby/gems/2.5.0/gems/devise-4.5.0/app/views/devise/sessions/new.html.erb within layouts/application (7.9ms)
Completed 200 OK in 5751ms (Views: 5729.3ms | ActiveRecord: 9.2ms)


Completed 200 OK in 5545ms (Views: 5544.2ms | ActiveRecord: 0.0ms)


Started GET "/users/confirmation/new" for 127.0.0.1 at 2018-10-05 14:39:34 -0400
Processing by Devise::ConfirmationsController#new as HTML
  Rendering /home/matlo/.rbenv/versions/2.5.1/lib/ruby/gems/2.5.0/gems/devise-4.5.0/app/views/devise/confirmations/new.html.erb within layouts/application
  Rendered /home/matlo/.rbenv/versions/2.5.1/lib/ruby/gems/2.5.0/gems/devise-4.5.0/app/views/devise/shared/_links.html.erb (1.5ms)
  Rendered /home/matlo/.rbenv/versions/2.5.1/lib/ruby/gems/2.5.0/gems/devise-4.5.0/app/views/devise/confirmations/new.html.erb within layouts/application (8.4ms)
Completed 200 OK in 71ms (Views: 66.9ms | ActiveRecord: 0.0ms)


Started GET "/users/sign_in" for 127.0.0.1 at 2018-10-05 14:39:54 -0400
Processing by Devise::SessionsController#new as HTML
  Rendering /home/matlo/.rbenv/versions/2.5.1/lib/ruby/gems/2.5.0/gems/devise-4.5.0/app/views/devise/sessions/new.html.erb within layouts/application
  Rendered /home/matlo/.rbenv/versions/2.5.1/lib/ruby/gems/2.5.0/gems/devise-4.5.0/app/views/devise/shared/_links.html.erb (1.9ms)
  Rendered /home/matlo/.rbenv/versions/2.5.1/lib/ruby/gems/2.5.0/gems/devise-4.5.0/app/views/devise/sessions/new.html.erb within layouts/application (12.6ms)
Completed 200 OK in 62ms (Views: 60.6ms | ActiveRecord: 0.0ms)


Started POST "/users/sign_in" for 127.0.0.1 at 2018-10-05 14:39:59 -0400
Processing by Devise::SessionsController#create as HTML
  Parameters: {"utf8"=>"✓", "authenticity_token"=>"sQPfnmkS5yxlRsrw+yIlQP3Wj9BV9dof5rIPd3jWY/s3Ck1qbMYQnvz+6p+giCYKqJQLgFZEKNFewOcRR/fMNg==", "user"=>{"email"=>"matlortie@gmail.com", "password"=>"[FILTERED]", "remember_me"=>"0"}, "commit"=>"Log in"}
  [1m[36mUser Load (2.8ms)[0m  [1m[34mSELECT  `users`.* FROM `users` WHERE `users`.`email` = 'matlortie@gmail.com' ORDER BY `users`.`id` ASC LIMIT 1[0m
  ↳ /home/matlo/.rbenv/versions/2.5.1/lib/ruby/gems/2.5.0/gems/activerecord-5.2.1/lib/active_record/log_subscriber.rb:98
Redirected to http://localhost:3000/admin/
Completed 302 Found in 126ms (ActiveRecord: 2.8ms)


Started GET "/admin/" for 127.0.0.1 at 2018-10-05 14:39:59 -0400
Processing by RailsAdmin::MainController#dashboard as HTML
  [1m[36mUser Load (0.5ms)[0m  [1m[34mSELECT  `users`.* FROM `users` WHERE `users`.`id` = 1 ORDER BY `users`.`id` ASC LIMIT 1[0m
  ↳ config/initializers/rails_admin.rb:7
  [1m[35m (1.2ms)[0m  [1m[34mSELECT COUNT(*) FROM `contacts`[0m
  ↳ /home/matlo/.rbenv/versions/2.5.1/lib/ruby/gems/2.5.0/gems/activerecord-5.2.1/lib/active_record/log_subscriber.rb:98
  [1m[36mContact Load (0.3ms)[0m  [1m[34mSELECT  `contacts`.* FROM `contacts` ORDER BY `contacts`.`id` DESC LIMIT 1[0m
  ↳ /home/matlo/.rbenv/versions/2.5.1/lib/ruby/gems/2.5.0/gems/activerecord-5.2.1/lib/active_record/log_subscriber.rb:98
  [1m[35m (1.1ms)[0m  [1m[34mSELECT COUNT(*) FROM `employees`[0m
  ↳ /home/matlo/.rbenv/versions/2.5.1/lib/ruby/gems/2.5.0/gems/activerecord-5.2.1/lib/active_record/log_subscriber.rb:98
  [1m[36mEmployees Load (0.4ms)[0m  [1m[34mSELECT  `employees`.* FROM `employees` ORDER BY `employees`.`id` DESC LIMIT 1[0m
  ↳ /home/matlo/.rbenv/versions/2.5.1/lib/ruby/gems/2.5.0/gems/activerecord-5.2.1/lib/active_record/log_subscriber.rb:98
  [1m[35m (1.4ms)[0m  [1m[34mSELECT COUNT(*) FROM `quotes`[0m
  ↳ /home/matlo/.rbenv/versions/2.5.1/lib/ruby/gems/2.5.0/gems/activerecord-5.2.1/lib/active_record/log_subscriber.rb:98
  [1m[36mQuote Load (0.4ms)[0m  [1m[34mSELECT  `quotes`.* FROM `quotes` ORDER BY `quotes`.`id` DESC LIMIT 1[0m
  ↳ /home/matlo/.rbenv/versions/2.5.1/lib/ruby/gems/2.5.0/gems/activerecord-5.2.1/lib/active_record/log_subscriber.rb:98
  [1m[35m (0.6ms)[0m  [1m[34mSELECT COUNT(*) FROM `users`[0m
  ↳ /home/matlo/.rbenv/versions/2.5.1/lib/ruby/gems/2.5.0/gems/activerecord-5.2.1/lib/active_record/log_subscriber.rb:98
  [1m[36mUser Load (0.6ms)[0m  [1m[34mSELECT  `users`.* FROM `users` ORDER BY `users`.`id` DESC LIMIT 1[0m
  ↳ /home/matlo/.rbenv/versions/2.5.1/lib/ruby/gems/2.5.0/gems/activerecord-5.2.1/lib/active_record/log_subscriber.rb:98
  Rendering /home/matlo/.rbenv/versions/2.5.1/lib/ruby/gems/2.5.0/gems/rails_admin-1.4.2/app/views/rails_admin/main/dashboard.html.haml within layouts/rails_admin/application
  Rendered /home/matlo/.rbenv/versions/2.5.1/lib/ruby/gems/2.5.0/gems/rails_admin-1.4.2/app/views/rails_admin/main/dashboard.html.haml within layouts/rails_admin/application (11.5ms)
  Rendered /home/matlo/.rbenv/versions/2.5.1/lib/ruby/gems/2.5.0/gems/rails_admin-1.4.2/app/views/layouts/rails_admin/_secondary_navigation.html.haml (5.7ms)
  Rendered /home/matlo/.rbenv/versions/2.5.1/lib/ruby/gems/2.5.0/gems/rails_admin-1.4.2/app/views/layouts/rails_admin/_navigation.html.haml (17.9ms)
  Rendered /home/matlo/.rbenv/versions/2.5.1/lib/ruby/gems/2.5.0/gems/rails_admin-1.4.2/app/views/layouts/rails_admin/_sidebar_navigation.html.haml (3.5ms)
  Rendering /home/matlo/.rbenv/versions/2.5.1/lib/ruby/gems/2.5.0/gems/rails_admin-1.4.2/app/views/layouts/rails_admin/pjax.html.haml
  Rendered /home/matlo/.rbenv/versions/2.5.1/lib/ruby/gems/2.5.0/gems/rails_admin-1.4.2/app/views/layouts/rails_admin/pjax.html.haml (6.6ms)
Completed 200 OK in 676ms (Views: 404.0ms | ActiveRecord: 34.9ms)


Started GET "/admin/user?_pjax=%5Bdata-pjax-container%5D" for 127.0.0.1 at 2018-10-05 14:40:04 -0400
Processing by RailsAdmin::MainController#index as HTML
  Parameters: {"_pjax"=>"[data-pjax-container]", "model_name"=>"user"}
  [1m[36mUser Load (0.9ms)[0m  [1m[34mSELECT  `users`.* FROM `users` WHERE `users`.`id` = 1 ORDER BY `users`.`id` ASC LIMIT 1[0m
  ↳ config/initializers/rails_admin.rb:7
  Rendering /home/matlo/.rbenv/versions/2.5.1/lib/ruby/gems/2.5.0/gems/rails_admin-1.4.2/app/views/rails_admin/main/index.html.haml within layouts/rails_admin/pjax
  [1m[36mUser Load (0.6ms)[0m  [1m[34mSELECT  `users`.* FROM `users` ORDER BY users.id desc LIMIT 20 OFFSET 0[0m
  ↳ /home/matlo/.rbenv/versions/2.5.1/lib/ruby/gems/2.5.0/gems/activerecord-5.2.1/lib/active_record/log_subscriber.rb:98
  Rendered /home/matlo/.rbenv/versions/2.5.1/lib/ruby/gems/2.5.0/gems/rails_admin-1.4.2/app/views/rails_admin/main/index.html.haml within layouts/rails_admin/pjax (89.8ms)
Completed 200 OK in 142ms (Views: 123.1ms | ActiveRecord: 1.6ms)


Started GET "/admin/user/3/delete?_pjax=%5Bdata-pjax-container%5D" for 127.0.0.1 at 2018-10-05 14:40:10 -0400
Processing by RailsAdmin::MainController#delete as HTML
  Parameters: {"_pjax"=>"[data-pjax-container]", "model_name"=>"user", "id"=>"3"}
  [1m[36mUser Load (0.6ms)[0m  [1m[34mSELECT  `users`.* FROM `users` WHERE `users`.`id` = 1 ORDER BY `users`.`id` ASC LIMIT 1[0m
  ↳ config/initializers/rails_admin.rb:7
  [1m[36mUser Load (0.7ms)[0m  [1m[34mSELECT  `users`.* FROM `users` WHERE `users`.`id` = 3 ORDER BY `users`.`id` ASC LIMIT 1[0m
  ↳ /home/matlo/.rbenv/versions/2.5.1/lib/ruby/gems/2.5.0/gems/activerecord-5.2.1/lib/active_record/log_subscriber.rb:98
  Rendering /home/matlo/.rbenv/versions/2.5.1/lib/ruby/gems/2.5.0/gems/rails_admin-1.4.2/app/views/rails_admin/main/delete.html.haml within layouts/rails_admin/pjax
  Rendered /home/matlo/.rbenv/versions/2.5.1/lib/ruby/gems/2.5.0/gems/rails_admin-1.4.2/app/views/rails_admin/main/_delete_notice.html.haml (2.5ms)
  Rendered /home/matlo/.rbenv/versions/2.5.1/lib/ruby/gems/2.5.0/gems/rails_admin-1.4.2/app/views/rails_admin/main/delete.html.haml within layouts/rails_admin/pjax (26.4ms)
Completed 200 OK in 69ms (Views: 48.7ms | ActiveRecord: 1.4ms)


Started DELETE "/admin/user/3/delete" for 127.0.0.1 at 2018-10-05 14:40:12 -0400
Processing by RailsAdmin::MainController#delete as HTML
  Parameters: {"utf8"=>"✓", "authenticity_token"=>"klfWNK00B8aoNjZzKMzhytKSD2VOSTBTfLMTALLIGhAXYcpNFlWQuH/4EQXE+LfCejAKezHrbQ3Tmz0a2CBPlw==", "return_to"=>"http://localhost:3000/admin/user", "model_name"=>"user", "id"=>"3"}
  [1m[36mUser Load (1.2ms)[0m  [1m[34mSELECT  `users`.* FROM `users` WHERE `users`.`id` = 1 ORDER BY `users`.`id` ASC LIMIT 1[0m
  ↳ config/initializers/rails_admin.rb:7
  [1m[36mUser Load (0.9ms)[0m  [1m[34mSELECT  `users`.* FROM `users` WHERE `users`.`id` = 3 ORDER BY `users`.`id` ASC LIMIT 1[0m
  ↳ /home/matlo/.rbenv/versions/2.5.1/lib/ruby/gems/2.5.0/gems/activerecord-5.2.1/lib/active_record/log_subscriber.rb:98
  [1m[35m (0.4ms)[0m  [1m[35mBEGIN[0m
  ↳ /home/matlo/.rbenv/versions/2.5.1/lib/ruby/gems/2.5.0/gems/activerecord-5.2.1/lib/active_record/log_subscriber.rb:98
  [1m[36mUser Destroy (10.5ms)[0m  [1m[31mDELETE FROM `users` WHERE `users`.`id` = 3[0m
  ↳ /home/matlo/.rbenv/versions/2.5.1/lib/ruby/gems/2.5.0/gems/activerecord-5.2.1/lib/active_record/log_subscriber.rb:98
  [1m[35m (81.2ms)[0m  [1m[35mCOMMIT[0m
  ↳ /home/matlo/.rbenv/versions/2.5.1/lib/ruby/gems/2.5.0/gems/activerecord-5.2.1/lib/active_record/log_subscriber.rb:98
Redirected to http://localhost:3000/admin/user
Completed 302 Found in 115ms (ActiveRecord: 94.2ms)


Started GET "/admin/user" for 127.0.0.1 at 2018-10-05 14:40:12 -0400
Processing by RailsAdmin::MainController#index as HTML
  Parameters: {"model_name"=>"user"}
  [1m[36mUser Load (0.5ms)[0m  [1m[34mSELECT  `users`.* FROM `users` WHERE `users`.`id` = 1 ORDER BY `users`.`id` ASC LIMIT 1[0m
  ↳ config/initializers/rails_admin.rb:7
  Rendering /home/matlo/.rbenv/versions/2.5.1/lib/ruby/gems/2.5.0/gems/rails_admin-1.4.2/app/views/rails_admin/main/index.html.haml within layouts/rails_admin/application
  [1m[36mUser Load (0.5ms)[0m  [1m[34mSELECT  `users`.* FROM `users` ORDER BY users.id desc LIMIT 20 OFFSET 0[0m
  ↳ /home/matlo/.rbenv/versions/2.5.1/lib/ruby/gems/2.5.0/gems/activerecord-5.2.1/lib/active_record/log_subscriber.rb:98
  Rendered /home/matlo/.rbenv/versions/2.5.1/lib/ruby/gems/2.5.0/gems/rails_admin-1.4.2/app/views/rails_admin/main/index.html.haml within layouts/rails_admin/application (42.1ms)
  Rendered /home/matlo/.rbenv/versions/2.5.1/lib/ruby/gems/2.5.0/gems/rails_admin-1.4.2/app/views/layouts/rails_admin/_secondary_navigation.html.haml (4.2ms)
  Rendered /home/matlo/.rbenv/versions/2.5.1/lib/ruby/gems/2.5.0/gems/rails_admin-1.4.2/app/views/layouts/rails_admin/_navigation.html.haml (14.9ms)
  Rendered /home/matlo/.rbenv/versions/2.5.1/lib/ruby/gems/2.5.0/gems/rails_admin-1.4.2/app/views/layouts/rails_admin/_sidebar_navigation.html.haml (3.7ms)
  Rendering /home/matlo/.rbenv/versions/2.5.1/lib/ruby/gems/2.5.0/gems/rails_admin-1.4.2/app/views/layouts/rails_admin/pjax.html.haml
  Rendered /home/matlo/.rbenv/versions/2.5.1/lib/ruby/gems/2.5.0/gems/rails_admin-1.4.2/app/views/layouts/rails_admin/pjax.html.haml (6.1ms)
Completed 200 OK in 275ms (Views: 266.6ms | ActiveRecord: 1.0ms)


Started GET "/admin/user/2/delete?_pjax=%5Bdata-pjax-container%5D" for 127.0.0.1 at 2018-10-05 14:40:19 -0400
Processing by RailsAdmin::MainController#delete as HTML
  Parameters: {"_pjax"=>"[data-pjax-container]", "model_name"=>"user", "id"=>"2"}
  [1m[36mUser Load (0.9ms)[0m  [1m[34mSELECT  `users`.* FROM `users` WHERE `users`.`id` = 1 ORDER BY `users`.`id` ASC LIMIT 1[0m
  ↳ config/initializers/rails_admin.rb:7
  [1m[36mUser Load (0.6ms)[0m  [1m[34mSELECT  `users`.* FROM `users` WHERE `users`.`id` = 2 ORDER BY `users`.`id` ASC LIMIT 1[0m
  ↳ /home/matlo/.rbenv/versions/2.5.1/lib/ruby/gems/2.5.0/gems/activerecord-5.2.1/lib/active_record/log_subscriber.rb:98
  Rendering /home/matlo/.rbenv/versions/2.5.1/lib/ruby/gems/2.5.0/gems/rails_admin-1.4.2/app/views/rails_admin/main/delete.html.haml within layouts/rails_admin/pjax
  Rendered /home/matlo/.rbenv/versions/2.5.1/lib/ruby/gems/2.5.0/gems/rails_admin-1.4.2/app/views/rails_admin/main/_delete_notice.html.haml (2.5ms)
  Rendered /home/matlo/.rbenv/versions/2.5.1/lib/ruby/gems/2.5.0/gems/rails_admin-1.4.2/app/views/rails_admin/main/delete.html.haml within layouts/rails_admin/pjax (14.0ms)
Completed 200 OK in 56ms (Views: 39.7ms | ActiveRecord: 1.5ms)


Started DELETE "/admin/user/2/delete" for 127.0.0.1 at 2018-10-05 14:40:20 -0400
Processing by RailsAdmin::MainController#delete as HTML
  Parameters: {"utf8"=>"✓", "authenticity_token"=>"Pd0mCBRjfLSAPEPgKnwsK3K3k7FUd5JzmzwWlZS7+FAsYgoVw10QkTuXAo9qZVPB3sKb2wxG+HbZ7NXapSoj7g==", "return_to"=>"http://localhost:3000/admin/user", "model_name"=>"user", "id"=>"2"}
  [1m[36mUser Load (0.8ms)[0m  [1m[34mSELECT  `users`.* FROM `users` WHERE `users`.`id` = 1 ORDER BY `users`.`id` ASC LIMIT 1[0m
  ↳ config/initializers/rails_admin.rb:7
  [1m[36mUser Load (0.9ms)[0m  [1m[34mSELECT  `users`.* FROM `users` WHERE `users`.`id` = 2 ORDER BY `users`.`id` ASC LIMIT 1[0m
  ↳ /home/matlo/.rbenv/versions/2.5.1/lib/ruby/gems/2.5.0/gems/activerecord-5.2.1/lib/active_record/log_subscriber.rb:98
  [1m[35m (0.3ms)[0m  [1m[35mBEGIN[0m
  ↳ /home/matlo/.rbenv/versions/2.5.1/lib/ruby/gems/2.5.0/gems/activerecord-5.2.1/lib/active_record/log_subscriber.rb:98
  [1m[36mUser Destroy (3.1ms)[0m  [1m[31mDELETE FROM `users` WHERE `users`.`id` = 2[0m
  ↳ /home/matlo/.rbenv/versions/2.5.1/lib/ruby/gems/2.5.0/gems/activerecord-5.2.1/lib/active_record/log_subscriber.rb:98
  [1m[35m (21.2ms)[0m  [1m[35mCOMMIT[0m
  ↳ /home/matlo/.rbenv/versions/2.5.1/lib/ruby/gems/2.5.0/gems/activerecord-5.2.1/lib/active_record/log_subscriber.rb:98
Redirected to http://localhost:3000/admin/user
Completed 302 Found in 52ms (ActiveRecord: 26.3ms)


Started GET "/admin/user" for 127.0.0.1 at 2018-10-05 14:40:20 -0400
Processing by RailsAdmin::MainController#index as HTML
  Parameters: {"model_name"=>"user"}
  [1m[36mUser Load (0.6ms)[0m  [1m[34mSELECT  `users`.* FROM `users` WHERE `users`.`id` = 1 ORDER BY `users`.`id` ASC LIMIT 1[0m
  ↳ config/initializers/rails_admin.rb:7
  Rendering /home/matlo/.rbenv/versions/2.5.1/lib/ruby/gems/2.5.0/gems/rails_admin-1.4.2/app/views/rails_admin/main/index.html.haml within layouts/rails_admin/application
  [1m[36mUser Load (0.5ms)[0m  [1m[34mSELECT  `users`.* FROM `users` ORDER BY users.id desc LIMIT 20 OFFSET 0[0m
  ↳ /home/matlo/.rbenv/versions/2.5.1/lib/ruby/gems/2.5.0/gems/activerecord-5.2.1/lib/active_record/log_subscriber.rb:98
  Rendered /home/matlo/.rbenv/versions/2.5.1/lib/ruby/gems/2.5.0/gems/rails_admin-1.4.2/app/views/rails_admin/main/index.html.haml within layouts/rails_admin/application (56.2ms)
  Rendered /home/matlo/.rbenv/versions/2.5.1/lib/ruby/gems/2.5.0/gems/rails_admin-1.4.2/app/views/layouts/rails_admin/_secondary_navigation.html.haml (3.5ms)
  Rendered /home/matlo/.rbenv/versions/2.5.1/lib/ruby/gems/2.5.0/gems/rails_admin-1.4.2/app/views/layouts/rails_admin/_navigation.html.haml (14.3ms)
  Rendered /home/matlo/.rbenv/versions/2.5.1/lib/ruby/gems/2.5.0/gems/rails_admin-1.4.2/app/views/layouts/rails_admin/_sidebar_navigation.html.haml (3.4ms)
  Rendering /home/matlo/.rbenv/versions/2.5.1/lib/ruby/gems/2.5.0/gems/rails_admin-1.4.2/app/views/layouts/rails_admin/pjax.html.haml
  Rendered /home/matlo/.rbenv/versions/2.5.1/lib/ruby/gems/2.5.0/gems/rails_admin-1.4.2/app/views/layouts/rails_admin/pjax.html.haml (5.4ms)
Completed 200 OK in 260ms (Views: 250.9ms | ActiveRecord: 1.2ms)


Started GET "/admin/user/4/delete?_pjax=%5Bdata-pjax-container%5D" for 127.0.0.1 at 2018-10-05 14:40:23 -0400
Processing by RailsAdmin::MainController#delete as HTML
  Parameters: {"_pjax"=>"[data-pjax-container]", "model_name"=>"user", "id"=>"4"}
  [1m[36mUser Load (0.9ms)[0m  [1m[34mSELECT  `users`.* FROM `users` WHERE `users`.`id` = 1 ORDER BY `users`.`id` ASC LIMIT 1[0m
  ↳ config/initializers/rails_admin.rb:7
  [1m[36mUser Load (0.9ms)[0m  [1m[34mSELECT  `users`.* FROM `users` WHERE `users`.`id` = 4 ORDER BY `users`.`id` ASC LIMIT 1[0m
  ↳ /home/matlo/.rbenv/versions/2.5.1/lib/ruby/gems/2.5.0/gems/activerecord-5.2.1/lib/active_record/log_subscriber.rb:98
  Rendering /home/matlo/.rbenv/versions/2.5.1/lib/ruby/gems/2.5.0/gems/rails_admin-1.4.2/app/views/rails_admin/main/delete.html.haml within layouts/rails_admin/pjax
  Rendered /home/matlo/.rbenv/versions/2.5.1/lib/ruby/gems/2.5.0/gems/rails_admin-1.4.2/app/views/rails_admin/main/_delete_notice.html.haml (2.6ms)
  Rendered /home/matlo/.rbenv/versions/2.5.1/lib/ruby/gems/2.5.0/gems/rails_admin-1.4.2/app/views/rails_admin/main/delete.html.haml within layouts/rails_admin/pjax (12.5ms)
Completed 200 OK in 52ms (Views: 28.8ms | ActiveRecord: 1.9ms)


Started DELETE "/admin/user/4/delete" for 127.0.0.1 at 2018-10-05 14:40:24 -0400
Processing by RailsAdmin::MainController#delete as HTML
  Parameters: {"utf8"=>"✓", "authenticity_token"=>"dmdNbJ7ab+wtqlydtQ1/UfjH/1+PGwKiWBuuLHoCKY/FC7Pis8OuQZ2KmyFVl/WMhkrC8HaxQ/mLTd4b8NM4IQ==", "return_to"=>"http://localhost:3000/admin/user", "model_name"=>"user", "id"=>"4"}
  [1m[36mUser Load (0.9ms)[0m  [1m[34mSELECT  `users`.* FROM `users` WHERE `users`.`id` = 1 ORDER BY `users`.`id` ASC LIMIT 1[0m
  ↳ config/initializers/rails_admin.rb:7
  [1m[36mUser Load (0.6ms)[0m  [1m[34mSELECT  `users`.* FROM `users` WHERE `users`.`id` = 4 ORDER BY `users`.`id` ASC LIMIT 1[0m
  ↳ /home/matlo/.rbenv/versions/2.5.1/lib/ruby/gems/2.5.0/gems/activerecord-5.2.1/lib/active_record/log_subscriber.rb:98
  [1m[35m (0.2ms)[0m  [1m[35mBEGIN[0m
  ↳ /home/matlo/.rbenv/versions/2.5.1/lib/ruby/gems/2.5.0/gems/activerecord-5.2.1/lib/active_record/log_subscriber.rb:98
  [1m[36mUser Destroy (9.2ms)[0m  [1m[31mDELETE FROM `users` WHERE `users`.`id` = 4[0m
  ↳ /home/matlo/.rbenv/versions/2.5.1/lib/ruby/gems/2.5.0/gems/activerecord-5.2.1/lib/active_record/log_subscriber.rb:98
  [1m[35m (28.2ms)[0m  [1m[35mCOMMIT[0m
  ↳ /home/matlo/.rbenv/versions/2.5.1/lib/ruby/gems/2.5.0/gems/activerecord-5.2.1/lib/active_record/log_subscriber.rb:98
Redirected to http://localhost:3000/admin/user
Completed 302 Found in 60ms (ActiveRecord: 39.1ms)


Started GET "/admin/user" for 127.0.0.1 at 2018-10-05 14:40:24 -0400
Processing by RailsAdmin::MainController#index as HTML
  Parameters: {"model_name"=>"user"}
  [1m[36mUser Load (0.5ms)[0m  [1m[34mSELECT  `users`.* FROM `users` WHERE `users`.`id` = 1 ORDER BY `users`.`id` ASC LIMIT 1[0m
  ↳ config/initializers/rails_admin.rb:7
  Rendering /home/matlo/.rbenv/versions/2.5.1/lib/ruby/gems/2.5.0/gems/rails_admin-1.4.2/app/views/rails_admin/main/index.html.haml within layouts/rails_admin/application
  [1m[36mUser Load (0.9ms)[0m  [1m[34mSELECT  `users`.* FROM `users` ORDER BY users.id desc LIMIT 20 OFFSET 0[0m
  ↳ /home/matlo/.rbenv/versions/2.5.1/lib/ruby/gems/2.5.0/gems/activerecord-5.2.1/lib/active_record/log_subscriber.rb:98
  Rendered /home/matlo/.rbenv/versions/2.5.1/lib/ruby/gems/2.5.0/gems/rails_admin-1.4.2/app/views/rails_admin/main/index.html.haml within layouts/rails_admin/application (33.5ms)
  Rendered /home/matlo/.rbenv/versions/2.5.1/lib/ruby/gems/2.5.0/gems/rails_admin-1.4.2/app/views/layouts/rails_admin/_secondary_navigation.html.haml (2.4ms)
  Rendered /home/matlo/.rbenv/versions/2.5.1/lib/ruby/gems/2.5.0/gems/rails_admin-1.4.2/app/views/layouts/rails_admin/_navigation.html.haml (10.6ms)
  Rendered /home/matlo/.rbenv/versions/2.5.1/lib/ruby/gems/2.5.0/gems/rails_admin-1.4.2/app/views/layouts/rails_admin/_sidebar_navigation.html.haml (3.4ms)
  Rendering /home/matlo/.rbenv/versions/2.5.1/lib/ruby/gems/2.5.0/gems/rails_admin-1.4.2/app/views/layouts/rails_admin/pjax.html.haml
  Rendered /home/matlo/.rbenv/versions/2.5.1/lib/ruby/gems/2.5.0/gems/rails_admin-1.4.2/app/views/layouts/rails_admin/pjax.html.haml (5.2ms)
Completed 200 OK in 242ms (Views: 228.5ms | ActiveRecord: 1.4ms)


Started GET "/admin/user/1/delete?_pjax=%5Bdata-pjax-container%5D" for 127.0.0.1 at 2018-10-05 14:40:28 -0400
Processing by RailsAdmin::MainController#delete as HTML
  Parameters: {"_pjax"=>"[data-pjax-container]", "model_name"=>"user", "id"=>"1"}
  [1m[36mUser Load (0.8ms)[0m  [1m[34mSELECT  `users`.* FROM `users` WHERE `users`.`id` = 1 ORDER BY `users`.`id` ASC LIMIT 1[0m
  ↳ config/initializers/rails_admin.rb:7
  [1m[36mCACHE User Load (0.0ms)[0m  [1m[34mSELECT  `users`.* FROM `users` WHERE `users`.`id` = 1 ORDER BY `users`.`id` ASC LIMIT 1[0m
  ↳ /home/matlo/.rbenv/versions/2.5.1/lib/ruby/gems/2.5.0/gems/activerecord-5.2.1/lib/active_record/log_subscriber.rb:98
  Rendering /home/matlo/.rbenv/versions/2.5.1/lib/ruby/gems/2.5.0/gems/rails_admin-1.4.2/app/views/rails_admin/main/delete.html.haml within layouts/rails_admin/pjax
  Rendered /home/matlo/.rbenv/versions/2.5.1/lib/ruby/gems/2.5.0/gems/rails_admin-1.4.2/app/views/rails_admin/main/_delete_notice.html.haml (2.8ms)
  Rendered /home/matlo/.rbenv/versions/2.5.1/lib/ruby/gems/2.5.0/gems/rails_admin-1.4.2/app/views/rails_admin/main/delete.html.haml within layouts/rails_admin/pjax (13.5ms)
Completed 200 OK in 47ms (Views: 31.3ms | ActiveRecord: 0.8ms)


Started DELETE "/admin/user/1/delete" for 127.0.0.1 at 2018-10-05 14:40:29 -0400
Processing by RailsAdmin::MainController#delete as HTML
  Parameters: {"utf8"=>"✓", "authenticity_token"=>"j46mkpRJAi0ElFKIJu564Z0n4Zku2gXZcuzcKmHRC+YJCBQcHyYv86GOPt5k82yubd389BTWFg2MkWhaBBbihg==", "return_to"=>"http://localhost:3000/admin/user", "model_name"=>"user", "id"=>"1"}
  [1m[36mUser Load (0.8ms)[0m  [1m[34mSELECT  `users`.* FROM `users` WHERE `users`.`id` = 1 ORDER BY `users`.`id` ASC LIMIT 1[0m
  ↳ config/initializers/rails_admin.rb:7
  [1m[36mCACHE User Load (0.0ms)[0m  [1m[34mSELECT  `users`.* FROM `users` WHERE `users`.`id` = 1 ORDER BY `users`.`id` ASC LIMIT 1[0m
  ↳ /home/matlo/.rbenv/versions/2.5.1/lib/ruby/gems/2.5.0/gems/activerecord-5.2.1/lib/active_record/log_subscriber.rb:98
  [1m[35m (0.5ms)[0m  [1m[35mBEGIN[0m
  ↳ /home/matlo/.rbenv/versions/2.5.1/lib/ruby/gems/2.5.0/gems/activerecord-5.2.1/lib/active_record/log_subscriber.rb:98
  [1m[36mUser Destroy (1.3ms)[0m  [1m[31mDELETE FROM `users` WHERE `users`.`id` = 1[0m
  ↳ /home/matlo/.rbenv/versions/2.5.1/lib/ruby/gems/2.5.0/gems/activerecord-5.2.1/lib/active_record/log_subscriber.rb:98
  [1m[35m (27.7ms)[0m  [1m[35mCOMMIT[0m
  ↳ /home/matlo/.rbenv/versions/2.5.1/lib/ruby/gems/2.5.0/gems/activerecord-5.2.1/lib/active_record/log_subscriber.rb:98
Redirected to http://localhost:3000/admin/user
Completed 302 Found in 51ms (ActiveRecord: 30.3ms)


Started GET "/admin/user" for 127.0.0.1 at 2018-10-05 14:40:29 -0400
Processing by RailsAdmin::MainController#index as HTML
  Parameters: {"model_name"=>"user"}
  [1m[36mUser Load (0.6ms)[0m  [1m[34mSELECT  `users`.* FROM `users` WHERE `users`.`id` = 1 ORDER BY `users`.`id` ASC LIMIT 1[0m
  ↳ config/initializers/rails_admin.rb:7
Completed 401 Unauthorized in 4ms (ActiveRecord: 0.6ms)


Started GET "/users/sign_in" for 127.0.0.1 at 2018-10-05 14:40:29 -0400
Processing by Devise::SessionsController#new as HTML
  Rendering /home/matlo/.rbenv/versions/2.5.1/lib/ruby/gems/2.5.0/gems/devise-4.5.0/app/views/devise/sessions/new.html.erb within layouts/application
  Rendered /home/matlo/.rbenv/versions/2.5.1/lib/ruby/gems/2.5.0/gems/devise-4.5.0/app/views/devise/shared/_links.html.erb (0.7ms)
  Rendered /home/matlo/.rbenv/versions/2.5.1/lib/ruby/gems/2.5.0/gems/devise-4.5.0/app/views/devise/sessions/new.html.erb within layouts/application (8.2ms)
Completed 200 OK in 52ms (Views: 51.0ms | ActiveRecord: 0.0ms)


Started GET "/users/confirmation/new" for 127.0.0.1 at 2018-10-05 14:40:35 -0400
Processing by Devise::ConfirmationsController#new as HTML
  Rendering /home/matlo/.rbenv/versions/2.5.1/lib/ruby/gems/2.5.0/gems/devise-4.5.0/app/views/devise/confirmations/new.html.erb within layouts/application
  Rendered /home/matlo/.rbenv/versions/2.5.1/lib/ruby/gems/2.5.0/gems/devise-4.5.0/app/views/devise/shared/_links.html.erb (0.8ms)
  Rendered /home/matlo/.rbenv/versions/2.5.1/lib/ruby/gems/2.5.0/gems/devise-4.5.0/app/views/devise/confirmations/new.html.erb within layouts/application (7.2ms)
Completed 200 OK in 64ms (Views: 54.1ms | ActiveRecord: 0.0ms)


Started POST "/users/confirmation" for 127.0.0.1 at 2018-10-05 14:40:39 -0400
Processing by Devise::ConfirmationsController#create as HTML
  Parameters: {"utf8"=>"✓", "authenticity_token"=>"AOTE9yelyEv9RFoQbEEs/gdfbDByx9cwO/SVynT/l621B2XTubQ9yWJ94E/tBEp4qGJ8QAxa7HZ4IkbZurdIpA==", "user"=>{"email"=>"matlortie@gmail.com"}, "commit"=>"Resend confirmation instructions"}
  [1m[36mUser Load (1.0ms)[0m  [1m[34mSELECT  `users`.* FROM `users` WHERE `users`.`email` = 'matlortie@gmail.com' ORDER BY `users`.`id` ASC LIMIT 1[0m
  ↳ /home/matlo/.rbenv/versions/2.5.1/lib/ruby/gems/2.5.0/gems/activerecord-5.2.1/lib/active_record/log_subscriber.rb:98
  Rendering /home/matlo/.rbenv/versions/2.5.1/lib/ruby/gems/2.5.0/gems/devise-4.5.0/app/views/devise/confirmations/new.html.erb within layouts/application
  Rendered /home/matlo/.rbenv/versions/2.5.1/lib/ruby/gems/2.5.0/gems/devise-4.5.0/app/views/devise/shared/_links.html.erb (0.8ms)
  Rendered /home/matlo/.rbenv/versions/2.5.1/lib/ruby/gems/2.5.0/gems/devise-4.5.0/app/views/devise/confirmations/new.html.erb within layouts/application (7.8ms)
Completed 200 OK in 75ms (Views: 51.0ms | ActiveRecord: 1.0ms)


Started GET "/users/sign_up" for 127.0.0.1 at 2018-10-05 14:40:52 -0400
Processing by DeviseInvitable::RegistrationsController#new as HTML
  Rendering /home/matlo/.rbenv/versions/2.5.1/lib/ruby/gems/2.5.0/gems/devise-4.5.0/app/views/devise/registrations/new.html.erb within layouts/application
  Rendered /home/matlo/.rbenv/versions/2.5.1/lib/ruby/gems/2.5.0/gems/devise-4.5.0/app/views/devise/shared/_links.html.erb (1.1ms)
  Rendered /home/matlo/.rbenv/versions/2.5.1/lib/ruby/gems/2.5.0/gems/devise-4.5.0/app/views/devise/registrations/new.html.erb within layouts/application (7.9ms)
Completed 200 OK in 65ms (Views: 63.9ms | ActiveRecord: 0.0ms)


Started POST "/users" for 127.0.0.1 at 2018-10-05 14:41:16 -0400
Processing by DeviseInvitable::RegistrationsController#create as HTML
  Parameters: {"utf8"=>"✓", "authenticity_token"=>"9dUp3eY9ELUZROe9FIQhAtuXje9TbAV26IKP/b91dbc8QdL+n8hU383KI+Wm7S+O0C6zLQlz1BgFVBzr9lg80g==", "user"=>{"email"=>"matlortie@gmail.com", "password"=>"[FILTERED]", "password_confirmation"=>"[FILTERED]"}, "commit"=>"Sign up"}
  [1m[36mUser Load (0.4ms)[0m  [1m[34mSELECT  `users`.* FROM `users` WHERE `users`.`email` = 'matlortie@gmail.com' ORDER BY `users`.`id` ASC LIMIT 1[0m
  ↳ /home/matlo/.rbenv/versions/2.5.1/lib/ruby/gems/2.5.0/gems/activerecord-5.2.1/lib/active_record/log_subscriber.rb:98
  [1m[35m (0.3ms)[0m  [1m[35mBEGIN[0m
  ↳ /home/matlo/.rbenv/versions/2.5.1/lib/ruby/gems/2.5.0/gems/activerecord-5.2.1/lib/active_record/log_subscriber.rb:98
  [1m[36mUser Exists (0.5ms)[0m  [1m[34mSELECT  1 AS one FROM `users` WHERE `users`.`email` = BINARY 'matlortie@gmail.com' LIMIT 1[0m
  ↳ /home/matlo/.rbenv/versions/2.5.1/lib/ruby/gems/2.5.0/gems/activerecord-5.2.1/lib/active_record/log_subscriber.rb:98
  [1m[36mUser Create (8.1ms)[0m  [1m[32mINSERT INTO `users` (`email`, `encrypted_password`, `created_at`, `updated_at`, `confirmation_token`, `confirmation_sent_at`) VALUES ('matlortie@gmail.com', '$2a$11$eOrge9noJF0z0fdG7cihhuyu5AWwPhVp6M4ZWYAfz7z95PyWZ2YnW', '2018-10-05 18:41:17', '2018-10-05 18:41:17', '-5z8KriNWszF6gjznaPG', '2018-10-05 18:41:17')[0m
  ↳ /home/matlo/.rbenv/versions/2.5.1/lib/ruby/gems/2.5.0/gems/activerecord-5.2.1/lib/active_record/log_subscriber.rb:98
  [1m[35m (20.4ms)[0m  [1m[35mCOMMIT[0m
  ↳ /home/matlo/.rbenv/versions/2.5.1/lib/ruby/gems/2.5.0/gems/activerecord-5.2.1/lib/active_record/log_subscriber.rb:98
  Rendering /home/matlo/.rbenv/versions/2.5.1/lib/ruby/gems/2.5.0/gems/devise-4.5.0/app/views/devise/mailer/confirmation_instructions.html.erb
  Rendered /home/matlo/.rbenv/versions/2.5.1/lib/ruby/gems/2.5.0/gems/devise-4.5.0/app/views/devise/mailer/confirmation_instructions.html.erb (0.7ms)
Devise::Mailer#confirmation_instructions: processed outbound mail in 86.3ms
Sent mail to matlortie@gmail.com (1173.9ms)
Date: Fri, 05 Oct 2018 14:41:17 -0400
From: rocketelevators.xyz@gmail.com
Reply-To: rocketelevators.xyz@gmail.com
To: matlortie@gmail.com
Message-ID: <5bb7b04d2315d_6643f8672011e6c203ca@DESKTOP-SPQ6I7C.mail>
Subject: Confirmation instructions
Mime-Version: 1.0
Content-Type: text/html;
 charset=UTF-8
Content-Transfer-Encoding: 7bit

<p>Welcome matlortie@gmail.com!</p>

<p>You can confirm your account email through the link below:</p>

<p><a href="http://localhost:3000/users/confirmation?confirmation_token=-5z8KriNWszF6gjznaPG">Confirm my account</a></p>

Redirected to http://localhost:3000/admin/user
Completed 302 Found in 1441ms (ActiveRecord: 29.8ms)


Started GET "/admin/user" for 127.0.0.1 at 2018-10-05 14:41:18 -0400
Processing by RailsAdmin::MainController#index as HTML
  Parameters: {"model_name"=>"user"}
  [1m[36mUser Load (0.7ms)[0m  [1m[34mSELECT  `users`.* FROM `users` WHERE `users`.`id` = 5 ORDER BY `users`.`id` ASC LIMIT 1[0m
  ↳ config/initializers/rails_admin.rb:7
  Rendering /home/matlo/.rbenv/versions/2.5.1/lib/ruby/gems/2.5.0/gems/rails_admin-1.4.2/app/views/rails_admin/main/index.html.haml within layouts/rails_admin/application
  [1m[36mUser Load (0.6ms)[0m  [1m[34mSELECT  `users`.* FROM `users` ORDER BY users.id desc LIMIT 20 OFFSET 0[0m
  ↳ /home/matlo/.rbenv/versions/2.5.1/lib/ruby/gems/2.5.0/gems/activerecord-5.2.1/lib/active_record/log_subscriber.rb:98
  Rendered /home/matlo/.rbenv/versions/2.5.1/lib/ruby/gems/2.5.0/gems/rails_admin-1.4.2/app/views/rails_admin/main/index.html.haml within layouts/rails_admin/application (42.3ms)
  Rendered /home/matlo/.rbenv/versions/2.5.1/lib/ruby/gems/2.5.0/gems/rails_admin-1.4.2/app/views/layouts/rails_admin/_secondary_navigation.html.haml (2.6ms)
  Rendered /home/matlo/.rbenv/versions/2.5.1/lib/ruby/gems/2.5.0/gems/rails_admin-1.4.2/app/views/layouts/rails_admin/_navigation.html.haml (12.8ms)
  Rendered /home/matlo/.rbenv/versions/2.5.1/lib/ruby/gems/2.5.0/gems/rails_admin-1.4.2/app/views/layouts/rails_admin/_sidebar_navigation.html.haml (2.4ms)
  Rendering /home/matlo/.rbenv/versions/2.5.1/lib/ruby/gems/2.5.0/gems/rails_admin-1.4.2/app/views/layouts/rails_admin/pjax.html.haml
  Rendered /home/matlo/.rbenv/versions/2.5.1/lib/ruby/gems/2.5.0/gems/rails_admin-1.4.2/app/views/layouts/rails_admin/pjax.html.haml (4.8ms)
Completed 200 OK in 229ms (Views: 219.9ms | ActiveRecord: 1.3ms)


Started GET "/admin" for 127.0.0.1 at 2018-10-05 14:41:26 -0400
Processing by RailsAdmin::MainController#dashboard as HTML
  [1m[36mUser Load (0.8ms)[0m  [1m[34mSELECT  `users`.* FROM `users` WHERE `users`.`id` = 5 ORDER BY `users`.`id` ASC LIMIT 1[0m
  ↳ config/initializers/rails_admin.rb:7
  [1m[35m (0.7ms)[0m  [1m[34mSELECT COUNT(*) FROM `contacts`[0m
  ↳ /home/matlo/.rbenv/versions/2.5.1/lib/ruby/gems/2.5.0/gems/activerecord-5.2.1/lib/active_record/log_subscriber.rb:98
  [1m[36mContact Load (0.7ms)[0m  [1m[34mSELECT  `contacts`.* FROM `contacts` ORDER BY `contacts`.`id` DESC LIMIT 1[0m
  ↳ /home/matlo/.rbenv/versions/2.5.1/lib/ruby/gems/2.5.0/gems/activerecord-5.2.1/lib/active_record/log_subscriber.rb:98
  [1m[35m (0.5ms)[0m  [1m[34mSELECT COUNT(*) FROM `employees`[0m
  ↳ /home/matlo/.rbenv/versions/2.5.1/lib/ruby/gems/2.5.0/gems/activerecord-5.2.1/lib/active_record/log_subscriber.rb:98
  [1m[36mEmployees Load (0.9ms)[0m  [1m[34mSELECT  `employees`.* FROM `employees` ORDER BY `employees`.`id` DESC LIMIT 1[0m
  ↳ /home/matlo/.rbenv/versions/2.5.1/lib/ruby/gems/2.5.0/gems/activerecord-5.2.1/lib/active_record/log_subscriber.rb:98
  [1m[35m (0.7ms)[0m  [1m[34mSELECT COUNT(*) FROM `quotes`[0m
  ↳ /home/matlo/.rbenv/versions/2.5.1/lib/ruby/gems/2.5.0/gems/activerecord-5.2.1/lib/active_record/log_subscriber.rb:98
  [1m[36mQuote Load (0.9ms)[0m  [1m[34mSELECT  `quotes`.* FROM `quotes` ORDER BY `quotes`.`id` DESC LIMIT 1[0m
  ↳ /home/matlo/.rbenv/versions/2.5.1/lib/ruby/gems/2.5.0/gems/activerecord-5.2.1/lib/active_record/log_subscriber.rb:98
  [1m[35m (0.7ms)[0m  [1m[34mSELECT COUNT(*) FROM `users`[0m
  ↳ /home/matlo/.rbenv/versions/2.5.1/lib/ruby/gems/2.5.0/gems/activerecord-5.2.1/lib/active_record/log_subscriber.rb:98
  [1m[36mUser Load (0.9ms)[0m  [1m[34mSELECT  `users`.* FROM `users` ORDER BY `users`.`id` DESC LIMIT 1[0m
  ↳ /home/matlo/.rbenv/versions/2.5.1/lib/ruby/gems/2.5.0/gems/activerecord-5.2.1/lib/active_record/log_subscriber.rb:98
  Rendering /home/matlo/.rbenv/versions/2.5.1/lib/ruby/gems/2.5.0/gems/rails_admin-1.4.2/app/views/rails_admin/main/dashboard.html.haml within layouts/rails_admin/application
  Rendered /home/matlo/.rbenv/versions/2.5.1/lib/ruby/gems/2.5.0/gems/rails_admin-1.4.2/app/views/rails_admin/main/dashboard.html.haml within layouts/rails_admin/application (12.3ms)
  Rendered /home/matlo/.rbenv/versions/2.5.1/lib/ruby/gems/2.5.0/gems/rails_admin-1.4.2/app/views/layouts/rails_admin/_secondary_navigation.html.haml (2.0ms)
  Rendered /home/matlo/.rbenv/versions/2.5.1/lib/ruby/gems/2.5.0/gems/rails_admin-1.4.2/app/views/layouts/rails_admin/_navigation.html.haml (9.8ms)
  Rendered /home/matlo/.rbenv/versions/2.5.1/lib/ruby/gems/2.5.0/gems/rails_admin-1.4.2/app/views/layouts/rails_admin/_sidebar_navigation.html.haml (2.3ms)
  Rendering /home/matlo/.rbenv/versions/2.5.1/lib/ruby/gems/2.5.0/gems/rails_admin-1.4.2/app/views/layouts/rails_admin/pjax.html.haml
  Rendered /home/matlo/.rbenv/versions/2.5.1/lib/ruby/gems/2.5.0/gems/rails_admin-1.4.2/app/views/layouts/rails_admin/pjax.html.haml (2.7ms)
Completed 200 OK in 251ms (Views: 205.4ms | ActiveRecord: 6.7ms)


Started DELETE "/users/sign_out" for 127.0.0.1 at 2018-10-05 14:41:30 -0400
Processing by Devise::SessionsController#destroy as HTML
  Parameters: {"authenticity_token"=>"l9tzO/yJgQtlsYIyjzCrOB9qladN9seYKOiT853j3N2QE/DkbEVewIr6nhvBongxyOKIZHa7DQbBt4QqJQ/w6A=="}
  [1m[36mUser Load (1.6ms)[0m  [1m[34mSELECT  `users`.* FROM `users` WHERE `users`.`id` = 5 ORDER BY `users`.`id` ASC LIMIT 1[0m
  ↳ /home/matlo/.rbenv/versions/2.5.1/lib/ruby/gems/2.5.0/gems/activerecord-5.2.1/lib/active_record/log_subscriber.rb:98
  [1m[35m (0.3ms)[0m  [1m[35mBEGIN[0m
  ↳ /home/matlo/.rbenv/versions/2.5.1/lib/ruby/gems/2.5.0/gems/activerecord-5.2.1/lib/active_record/log_subscriber.rb:98
  [1m[35m (0.4ms)[0m  [1m[35mCOMMIT[0m
  ↳ /home/matlo/.rbenv/versions/2.5.1/lib/ruby/gems/2.5.0/gems/activerecord-5.2.1/lib/active_record/log_subscriber.rb:98
Redirected to http://localhost:3000/
Completed 302 Found in 21ms (ActiveRecord: 2.3ms)


Started GET "/" for 127.0.0.1 at 2018-10-05 14:41:30 -0400
Processing by PagesController#index as HTML
  Rendering pages/index.html.erb within layouts/application
  Rendered pages/index.html.erb within layouts/application (6.2ms)
Completed 200 OK in 49ms (Views: 45.9ms | ActiveRecord: 0.0ms)


Started GET "/admin" for 127.0.0.1 at 2018-10-05 14:41:34 -0400
Processing by RailsAdmin::MainController#dashboard as HTML
Completed 401 Unauthorized in 1ms (ActiveRecord: 0.0ms)


Started GET "/users/sign_in" for 127.0.0.1 at 2018-10-05 14:41:34 -0400
Processing by Devise::SessionsController#new as HTML
  Rendering /home/matlo/.rbenv/versions/2.5.1/lib/ruby/gems/2.5.0/gems/devise-4.5.0/app/views/devise/sessions/new.html.erb within layouts/application
  Rendered /home/matlo/.rbenv/versions/2.5.1/lib/ruby/gems/2.5.0/gems/devise-4.5.0/app/views/devise/shared/_links.html.erb (1.1ms)
  Rendered /home/matlo/.rbenv/versions/2.5.1/lib/ruby/gems/2.5.0/gems/devise-4.5.0/app/views/devise/sessions/new.html.erb within layouts/application (7.9ms)
Completed 200 OK in 58ms (Views: 56.7ms | ActiveRecord: 0.0ms)


Started GET "/users/confirmation/new" for 127.0.0.1 at 2018-10-05 14:41:39 -0400
Processing by Devise::ConfirmationsController#new as HTML
  Rendering /home/matlo/.rbenv/versions/2.5.1/lib/ruby/gems/2.5.0/gems/devise-4.5.0/app/views/devise/confirmations/new.html.erb within layouts/application
  Rendered /home/matlo/.rbenv/versions/2.5.1/lib/ruby/gems/2.5.0/gems/devise-4.5.0/app/views/devise/shared/_links.html.erb (0.7ms)
  Rendered /home/matlo/.rbenv/versions/2.5.1/lib/ruby/gems/2.5.0/gems/devise-4.5.0/app/views/devise/confirmations/new.html.erb within layouts/application (7.9ms)
Completed 200 OK in 71ms (Views: 64.0ms | ActiveRecord: 0.0ms)


Started POST "/users/confirmation" for 127.0.0.1 at 2018-10-05 14:41:42 -0400
Processing by Devise::ConfirmationsController#create as HTML
  Parameters: {"utf8"=>"✓", "authenticity_token"=>"fdYWDGkyYBjJdNVERGaKRgnmkAmhmvSQ1abCXJFSry7wGLzP4yZqNqCWQn05fsElOR7BxI54rP9jAcLlQQpq5A==", "user"=>{"email"=>"matlortie@gmail.com"}, "commit"=>"Resend confirmation instructions"}
  [1m[36mUser Load (0.9ms)[0m  [1m[34mSELECT  `users`.* FROM `users` WHERE `users`.`email` = 'matlortie@gmail.com' ORDER BY `users`.`id` ASC LIMIT 1[0m
  ↳ /home/matlo/.rbenv/versions/2.5.1/lib/ruby/gems/2.5.0/gems/activerecord-5.2.1/lib/active_record/log_subscriber.rb:98
  [1m[35m (0.7ms)[0m  [1m[35mBEGIN[0m
  ↳ /home/matlo/.rbenv/versions/2.5.1/lib/ruby/gems/2.5.0/gems/activerecord-5.2.1/lib/active_record/log_subscriber.rb:98
  [1m[35m (0.9ms)[0m  [1m[35mCOMMIT[0m
  ↳ /home/matlo/.rbenv/versions/2.5.1/lib/ruby/gems/2.5.0/gems/activerecord-5.2.1/lib/active_record/log_subscriber.rb:98
  Rendering /home/matlo/.rbenv/versions/2.5.1/lib/ruby/gems/2.5.0/gems/devise-4.5.0/app/views/devise/mailer/confirmation_instructions.html.erb
  Rendered /home/matlo/.rbenv/versions/2.5.1/lib/ruby/gems/2.5.0/gems/devise-4.5.0/app/views/devise/mailer/confirmation_instructions.html.erb (0.6ms)
Devise::Mailer#confirmation_instructions: processed outbound mail in 58.8ms
Sent mail to matlortie@gmail.com (916.0ms)
Date: Fri, 05 Oct 2018 14:41:42 -0400
From: rocketelevators.xyz@gmail.com
Reply-To: rocketelevators.xyz@gmail.com
To: matlortie@gmail.com
Message-ID: <5bb7b066b0432_6643f8672011f8420453@DESKTOP-SPQ6I7C.mail>
Subject: Confirmation instructions
Mime-Version: 1.0
Content-Type: text/html;
 charset=UTF-8
Content-Transfer-Encoding: 7bit

<p>Welcome matlortie@gmail.com!</p>

<p>You can confirm your account email through the link below:</p>

<p><a href="http://localhost:3000/users/confirmation?confirmation_token=-5z8KriNWszF6gjznaPG">Confirm my account</a></p>

Redirected to http://localhost:3000/users/sign_in
Completed 302 Found in 1019ms (ActiveRecord: 2.5ms)


Started GET "/users/sign_in" for 127.0.0.1 at 2018-10-05 14:41:43 -0400
Processing by Devise::SessionsController#new as HTML
  Rendering /home/matlo/.rbenv/versions/2.5.1/lib/ruby/gems/2.5.0/gems/devise-4.5.0/app/views/devise/sessions/new.html.erb within layouts/application
  Rendered /home/matlo/.rbenv/versions/2.5.1/lib/ruby/gems/2.5.0/gems/devise-4.5.0/app/views/devise/shared/_links.html.erb (0.7ms)
  Rendered /home/matlo/.rbenv/versions/2.5.1/lib/ruby/gems/2.5.0/gems/devise-4.5.0/app/views/devise/sessions/new.html.erb within layouts/application (7.9ms)
Completed 200 OK in 47ms (Views: 46.4ms | ActiveRecord: 0.0ms)


Started GET "/users/confirmation?confirmation_token=-5z8KriNWszF6gjznaPG" for 127.0.0.1 at 2018-10-05 14:41:59 -0400
Processing by Devise::ConfirmationsController#show as HTML
  Parameters: {"confirmation_token"=>"-5z8KriNWszF6gjznaPG"}
  [1m[36mUser Load (1.0ms)[0m  [1m[34mSELECT  `users`.* FROM `users` WHERE `users`.`confirmation_token` = '-5z8KriNWszF6gjznaPG' ORDER BY `users`.`id` ASC LIMIT 1[0m
  ↳ /home/matlo/.rbenv/versions/2.5.1/lib/ruby/gems/2.5.0/gems/activerecord-5.2.1/lib/active_record/log_subscriber.rb:98
  [1m[35m (0.4ms)[0m  [1m[35mBEGIN[0m
  ↳ /home/matlo/.rbenv/versions/2.5.1/lib/ruby/gems/2.5.0/gems/activerecord-5.2.1/lib/active_record/log_subscriber.rb:98
  [1m[36mUser Update (1.6ms)[0m  [1m[33mUPDATE `users` SET `confirmed_at` = '2018-10-05 18:41:59', `updated_at` = '2018-10-05 18:41:59' WHERE `users`.`id` = 5[0m
  ↳ /home/matlo/.rbenv/versions/2.5.1/lib/ruby/gems/2.5.0/gems/activerecord-5.2.1/lib/active_record/log_subscriber.rb:98
  [1m[35m (71.0ms)[0m  [1m[35mCOMMIT[0m
  ↳ /home/matlo/.rbenv/versions/2.5.1/lib/ruby/gems/2.5.0/gems/activerecord-5.2.1/lib/active_record/log_subscriber.rb:98
Redirected to http://localhost:3000/users/sign_in
Completed 302 Found in 91ms (ActiveRecord: 74.0ms)


Started GET "/users/sign_in" for 127.0.0.1 at 2018-10-05 14:41:59 -0400
Processing by Devise::SessionsController#new as HTML
  Rendering /home/matlo/.rbenv/versions/2.5.1/lib/ruby/gems/2.5.0/gems/devise-4.5.0/app/views/devise/sessions/new.html.erb within layouts/application
  Rendered /home/matlo/.rbenv/versions/2.5.1/lib/ruby/gems/2.5.0/gems/devise-4.5.0/app/views/devise/shared/_links.html.erb (0.7ms)
  Rendered /home/matlo/.rbenv/versions/2.5.1/lib/ruby/gems/2.5.0/gems/devise-4.5.0/app/views/devise/sessions/new.html.erb within layouts/application (7.8ms)
Completed 200 OK in 60ms (Views: 58.6ms | ActiveRecord: 0.0ms)


Started POST "/users/sign_in" for 127.0.0.1 at 2018-10-05 14:42:01 -0400
Processing by Devise::SessionsController#create as HTML
  Parameters: {"utf8"=>"✓", "authenticity_token"=>"Vk1fNx8cY2nMh9pad8pjqe+zBrm9wFCAEO3okRgcF5eK2636UCxQaf36bvpzNkfWF9iahV9+WZ+WxsEOCSHOUA==", "user"=>{"email"=>"matlortie@gmail.com", "password"=>"[FILTERED]", "remember_me"=>"0"}, "commit"=>"Log in"}
  [1m[36mUser Load (0.6ms)[0m  [1m[34mSELECT  `users`.* FROM `users` WHERE `users`.`email` = 'matlortie@gmail.com' ORDER BY `users`.`id` ASC LIMIT 1[0m
  ↳ /home/matlo/.rbenv/versions/2.5.1/lib/ruby/gems/2.5.0/gems/activerecord-5.2.1/lib/active_record/log_subscriber.rb:98
Redirected to http://localhost:3000/admin/
Completed 302 Found in 132ms (ActiveRecord: 0.6ms)


Started GET "/admin/" for 127.0.0.1 at 2018-10-05 14:42:01 -0400
Processing by RailsAdmin::MainController#dashboard as HTML
  [1m[36mUser Load (0.4ms)[0m  [1m[34mSELECT  `users`.* FROM `users` WHERE `users`.`id` = 5 ORDER BY `users`.`id` ASC LIMIT 1[0m
  ↳ config/initializers/rails_admin.rb:7
  [1m[35m (0.5ms)[0m  [1m[34mSELECT COUNT(*) FROM `contacts`[0m
  ↳ /home/matlo/.rbenv/versions/2.5.1/lib/ruby/gems/2.5.0/gems/activerecord-5.2.1/lib/active_record/log_subscriber.rb:98
  [1m[36mContact Load (0.3ms)[0m  [1m[34mSELECT  `contacts`.* FROM `contacts` ORDER BY `contacts`.`id` DESC LIMIT 1[0m
  ↳ /home/matlo/.rbenv/versions/2.5.1/lib/ruby/gems/2.5.0/gems/activerecord-5.2.1/lib/active_record/log_subscriber.rb:98
  [1m[35m (0.2ms)[0m  [1m[34mSELECT COUNT(*) FROM `employees`[0m
  ↳ /home/matlo/.rbenv/versions/2.5.1/lib/ruby/gems/2.5.0/gems/activerecord-5.2.1/lib/active_record/log_subscriber.rb:98
  [1m[36mEmployees Load (0.2ms)[0m  [1m[34mSELECT  `employees`.* FROM `employees` ORDER BY `employees`.`id` DESC LIMIT 1[0m
  ↳ /home/matlo/.rbenv/versions/2.5.1/lib/ruby/gems/2.5.0/gems/activerecord-5.2.1/lib/active_record/log_subscriber.rb:98
  [1m[35m (0.3ms)[0m  [1m[34mSELECT COUNT(*) FROM `quotes`[0m
  ↳ /home/matlo/.rbenv/versions/2.5.1/lib/ruby/gems/2.5.0/gems/activerecord-5.2.1/lib/active_record/log_subscriber.rb:98
  [1m[36mQuote Load (0.3ms)[0m  [1m[34mSELECT  `quotes`.* FROM `quotes` ORDER BY `quotes`.`id` DESC LIMIT 1[0m
  ↳ /home/matlo/.rbenv/versions/2.5.1/lib/ruby/gems/2.5.0/gems/activerecord-5.2.1/lib/active_record/log_subscriber.rb:98
  [1m[35m (0.2ms)[0m  [1m[34mSELECT COUNT(*) FROM `users`[0m
  ↳ /home/matlo/.rbenv/versions/2.5.1/lib/ruby/gems/2.5.0/gems/activerecord-5.2.1/lib/active_record/log_subscriber.rb:98
  [1m[36mUser Load (0.3ms)[0m  [1m[34mSELECT  `users`.* FROM `users` ORDER BY `users`.`id` DESC LIMIT 1[0m
  ↳ /home/matlo/.rbenv/versions/2.5.1/lib/ruby/gems/2.5.0/gems/activerecord-5.2.1/lib/active_record/log_subscriber.rb:98
  Rendering /home/matlo/.rbenv/versions/2.5.1/lib/ruby/gems/2.5.0/gems/rails_admin-1.4.2/app/views/rails_admin/main/dashboard.html.haml within layouts/rails_admin/application
  Rendered /home/matlo/.rbenv/versions/2.5.1/lib/ruby/gems/2.5.0/gems/rails_admin-1.4.2/app/views/rails_admin/main/dashboard.html.haml within layouts/rails_admin/application (12.0ms)
  Rendered /home/matlo/.rbenv/versions/2.5.1/lib/ruby/gems/2.5.0/gems/rails_admin-1.4.2/app/views/layouts/rails_admin/_secondary_navigation.html.haml (2.5ms)
  Rendered /home/matlo/.rbenv/versions/2.5.1/lib/ruby/gems/2.5.0/gems/rails_admin-1.4.2/app/views/layouts/rails_admin/_navigation.html.haml (12.3ms)
  Rendered /home/matlo/.rbenv/versions/2.5.1/lib/ruby/gems/2.5.0/gems/rails_admin-1.4.2/app/views/layouts/rails_admin/_sidebar_navigation.html.haml (3.2ms)
  Rendering /home/matlo/.rbenv/versions/2.5.1/lib/ruby/gems/2.5.0/gems/rails_admin-1.4.2/app/views/layouts/rails_admin/pjax.html.haml
  Rendered /home/matlo/.rbenv/versions/2.5.1/lib/ruby/gems/2.5.0/gems/rails_admin-1.4.2/app/views/layouts/rails_admin/pjax.html.haml (2.8ms)
Completed 200 OK in 218ms (Views: 195.1ms | ActiveRecord: 2.8ms)


Started DELETE "/users/sign_out" for 127.0.0.1 at 2018-10-05 14:42:46 -0400
Processing by Devise::SessionsController#destroy as HTML
  Parameters: {"authenticity_token"=>"dUPiVtdVABRn2i+4oSYW8b4OZnB4Ub1Ep/nyco4auWRvN0TnfW+NqIakawq5GsLa3SGf3Vpkn5upy/kzkLXcJA=="}
  [1m[36mUser Load (0.7ms)[0m  [1m[34mSELECT  `users`.* FROM `users` WHERE `users`.`id` = 5 ORDER BY `users`.`id` ASC LIMIT 1[0m
  ↳ /home/matlo/.rbenv/versions/2.5.1/lib/ruby/gems/2.5.0/gems/activerecord-5.2.1/lib/active_record/log_subscriber.rb:98
  [1m[35m (0.3ms)[0m  [1m[35mBEGIN[0m
  ↳ /home/matlo/.rbenv/versions/2.5.1/lib/ruby/gems/2.5.0/gems/activerecord-5.2.1/lib/active_record/log_subscriber.rb:98
  [1m[35m (0.4ms)[0m  [1m[35mCOMMIT[0m
  ↳ /home/matlo/.rbenv/versions/2.5.1/lib/ruby/gems/2.5.0/gems/activerecord-5.2.1/lib/active_record/log_subscriber.rb:98
Redirected to http://localhost:3000/
Completed 302 Found in 20ms (ActiveRecord: 1.4ms)


Started GET "/" for 127.0.0.1 at 2018-10-05 14:42:46 -0400
Processing by PagesController#index as HTML
  Rendering pages/index.html.erb within layouts/application
  Rendered pages/index.html.erb within layouts/application (5.7ms)
Completed 200 OK in 55ms (Views: 49.3ms | ActiveRecord: 0.0ms)


